 PASS  src/master-mind/guessSecret.unit.spec.ts
  MASTERMIND
    guessSecret(secret, guess)
      secret
        8520
          guess
            1111
              correct location
                ✓ all numbers are incorrect (33 ms)
              wrong location
                ✓ all numbers are incorrect (3 ms)
            8520
              correct location
                ✓ all 4 "8520" numbers are correct (5 ms)
              wrong location
                ✓ there are no remaining numbers (8 ms)
            0258
              correct location
                ✓ all numbers are incorrect (8 ms)
              wrong location
                ✓ all 4 "0258" numbers are correct, but in the wrong location (10 ms)
            8888
              correct location
                ✓ first "8" is correct (5 ms)
              wrong location
                ✓ the rest of the numbers are wrong (5 ms)
            8151
              correct location
                ✓ first "8" is correct (5 ms)
              wrong location
                ✓ "5" is correct, but in the wrong location (4 ms)
            8502
              correct location
                ✓ "85" are correct (8 ms)
              wrong location
                ✓ "02" are correct, but in the wrong location ("20") (6 ms)
            8820
              correct location
                ✓ "8_20" are correct (16 ms)
              wrong location
                ✓ has no numbers (5 ms)
            4520
              correct location
                ✓ "_520" are correct (5 ms)
              wrong location
                ✓ has no numbers (5 ms)
        8181
          guess
            8000
              correct location
                ✓ "8___" is correct (4 ms)
              wrong location
                ✓ has no numbers (2 ms)
        8580
          guess
            8820
              correct location
                ✓ "8__0" are correct (4 ms)
              wrong location
                ✓ is correct, but "_8__" goes "__8_" (3 ms)

Test Suites: 3 passed, 3 total
Tests:       23 passed, 23 total
Snapshots:   0 total
Time:        3.481 s
Ran all test suites.
